<?xml version="1.0" encoding="UTF-8"?>
<testsuite xmlns:xsi="http://www.w3.org/2001/XMLSchema-instance" xsi:noNamespaceSchemaLocation="https://maven.apache.org/surefire/maven-surefire-plugin/xsd/surefire-test-report.xsd" name="kamil.szymoniak.test.ControllerTest" time="0.017" tests="21" errors="0" skipped="0" failures="0">
  <properties>
    <property name="sun.desktop" value="windows"/>
    <property name="awt.toolkit" value="sun.awt.windows.WToolkit"/>
    <property name="java.specification.version" value="11"/>
    <property name="sun.cpu.isalist" value="amd64"/>
    <property name="sun.jnu.encoding" value="Cp1252"/>
    <property name="java.class.path" value="C:\Users\KamilPC\Documents\NetBeansProjects\CaesarCipher - Copy\target\test-classes;C:\Users\KamilPC\Documents\NetBeansProjects\CaesarCipher - Copy\target\classes;C:\Users\KamilPC\.m2\repository\org\junit\jupiter\junit-jupiter-api\5.4.2\junit-jupiter-api-5.4.2.jar;C:\Users\KamilPC\.m2\repository\org\apiguardian\apiguardian-api\1.0.0\apiguardian-api-1.0.0.jar;C:\Users\KamilPC\.m2\repository\org\opentest4j\opentest4j\1.1.1\opentest4j-1.1.1.jar;C:\Users\KamilPC\.m2\repository\org\junit\platform\junit-platform-commons\1.4.2\junit-platform-commons-1.4.2.jar;C:\Users\KamilPC\.m2\repository\org\junit\jupiter\junit-jupiter-engine\5.4.2\junit-jupiter-engine-5.4.2.jar;C:\Users\KamilPC\.m2\repository\org\junit\platform\junit-platform-engine\1.4.2\junit-platform-engine-1.4.2.jar;C:\Users\KamilPC\.m2\repository\org\junit\jupiter\junit-jupiter-params\5.4.2\junit-jupiter-params-5.4.2.jar;"/>
    <property name="java.vm.vendor" value="Oracle Corporation"/>
    <property name="sun.arch.data.model" value="64"/>
    <property name="user.variant" value=""/>
    <property name="java.vendor.url" value="https://openjdk.java.net/"/>
    <property name="user.timezone" value="Europe/Belgrade"/>
    <property name="java.vm.specification.version" value="11"/>
    <property name="os.name" value="Windows 10"/>
    <property name="user.country" value="US"/>
    <property name="sun.java.launcher" value="SUN_STANDARD"/>
    <property name="sun.boot.library.path" value="C:\Program Files\Java\jdk-11.0.9\bin"/>
    <property name="sun.java.command" value="C:\Users\KamilPC\AppData\Local\Temp\surefire6194923508687092865\surefirebooter13568190623065122169.jar C:\Users\KamilPC\AppData\Local\Temp\surefire6194923508687092865 2020-12-04T19-36-50_522-jvmRun1 surefire8714538868204667855tmp surefire_08865549443409000934tmp"/>
    <property name="jdk.debug" value="release"/>
    <property name="surefire.test.class.path" value="C:\Users\KamilPC\Documents\NetBeansProjects\CaesarCipher - Copy\target\test-classes;C:\Users\KamilPC\Documents\NetBeansProjects\CaesarCipher - Copy\target\classes;C:\Users\KamilPC\.m2\repository\org\junit\jupiter\junit-jupiter-api\5.4.2\junit-jupiter-api-5.4.2.jar;C:\Users\KamilPC\.m2\repository\org\apiguardian\apiguardian-api\1.0.0\apiguardian-api-1.0.0.jar;C:\Users\KamilPC\.m2\repository\org\opentest4j\opentest4j\1.1.1\opentest4j-1.1.1.jar;C:\Users\KamilPC\.m2\repository\org\junit\platform\junit-platform-commons\1.4.2\junit-platform-commons-1.4.2.jar;C:\Users\KamilPC\.m2\repository\org\junit\jupiter\junit-jupiter-engine\5.4.2\junit-jupiter-engine-5.4.2.jar;C:\Users\KamilPC\.m2\repository\org\junit\platform\junit-platform-engine\1.4.2\junit-platform-engine-1.4.2.jar;C:\Users\KamilPC\.m2\repository\org\junit\jupiter\junit-jupiter-params\5.4.2\junit-jupiter-params-5.4.2.jar;"/>
    <property name="sun.cpu.endian" value="little"/>
    <property name="user.home" value="C:\Users\KamilPC"/>
    <property name="user.language" value="en"/>
    <property name="java.specification.vendor" value="Oracle Corporation"/>
    <property name="java.version.date" value="2020-10-20"/>
    <property name="java.home" value="C:\Program Files\Java\jdk-11.0.9"/>
    <property name="file.separator" value="\"/>
    <property name="basedir" value="C:\Users\KamilPC\Documents\NetBeansProjects\CaesarCipher - Copy"/>
    <property name="java.vm.compressedOopsMode" value="Zero based"/>
    <property name="line.separator" value="&#10;"/>
    <property name="java.specification.name" value="Java Platform API Specification"/>
    <property name="java.vm.specification.vendor" value="Oracle Corporation"/>
    <property name="java.awt.graphicsenv" value="sun.awt.Win32GraphicsEnvironment"/>
    <property name="surefire.real.class.path" value="C:\Users\KamilPC\AppData\Local\Temp\surefire6194923508687092865\surefirebooter13568190623065122169.jar"/>
    <property name="user.script" value=""/>
    <property name="sun.management.compiler" value="HotSpot 64-Bit Tiered Compilers"/>
    <property name="java.runtime.version" value="11.0.9+7-LTS"/>
    <property name="user.name" value="KamilPC"/>
    <property name="path.separator" value=";"/>
    <property name="os.version" value="10.0"/>
    <property name="java.runtime.name" value="Java(TM) SE Runtime Environment"/>
    <property name="file.encoding" value="UTF-8"/>
    <property name="java.vm.name" value="Java HotSpot(TM) 64-Bit Server VM"/>
    <property name="java.vendor.version" value="18.9"/>
    <property name="maven.ext.class.path" value="C:\Program Files\NetBeans-12.1\netbeans\java\maven-nblib\netbeans-eventspy.jar"/>
    <property name="localRepository" value="C:\Users\KamilPC\.m2\repository"/>
    <property name="java.vendor.url.bug" value="https://bugreport.java.com/bugreport/"/>
    <property name="java.io.tmpdir" value="C:\Users\KamilPC\AppData\Local\Temp\"/>
    <property name="java.version" value="11.0.9"/>
    <property name="user.dir" value="C:\Users\KamilPC\Documents\NetBeansProjects\CaesarCipher - Copy"/>
    <property name="os.arch" value="amd64"/>
    <property name="java.vm.specification.name" value="Java Virtual Machine Specification"/>
    <property name="java.awt.printerjob" value="sun.awt.windows.WPrinterJob"/>
    <property name="sun.os.patch.level" value=""/>
    <property name="java.library.path" value="C:\Program Files\Java\jdk-11.0.9\bin;C:\Windows\Sun\Java\bin;C:\Windows\system32;C:\Windows;C:\Program Files\Common Files\Oracle\Java\javapath;C:\Python39\Scripts\;C:\Python39\;C:\Windows\system32;C:\Windows;C:\Windows\System32\Wbem;C:\Windows\System32\WindowsPowerShell\v1.0\;C:\Windows\System32\OpenSSH\;C:\Program Files\Microsoft SQL Server\130\Tools\Binn\;C:\Program Files\Microsoft SQL Server\Client SDK\ODBC\170\Tools\Binn\;C:\Program Files (x86)\NVIDIA Corporation\PhysX\Common;C:\Program Files\NVIDIA Corporation\NVIDIA NvDLISR;C:\Program Files\CMake\bin;C:\Program Files\Java\jdk-15\bin;C:\Program Files\Git\cmd;C:\Program Files\dotnet\;C:\Program Files\nodejs\;C:\ProgramData\chocolatey\bin;C:\Program Files (x86)\Microsoft SQL Server\150\Tools\Binn\;C:\Program Files\Microsoft SQL Server\150\Tools\Binn\;C:\Program Files\Microsoft SQL Server\150\DTS\Binn\;C:\Program Files (x86)\Microsoft SQL Server\150\DTS\Binn\;C:\Program Files\Azure Data Studio\bin;C:\Users\KamilPC\AppData\Local\Microsoft\WindowsApps;;C:\Users\KamilPC\AppData\Local\Programs\Microsoft VS Code\bin;C:\Users\KamilPC\.dotnet\tools;C:\Users\KamilPC\AppData\Roaming\npm;C:\Program Files\Azure Data Studio\bin;."/>
    <property name="java.vendor" value="Oracle Corporation"/>
    <property name="java.vm.info" value="mixed mode"/>
    <property name="java.vm.version" value="11.0.9+7-LTS"/>
    <property name="sun.io.unicode.encoding" value="UnicodeLittle"/>
    <property name="java.class.version" value="55.0"/>
  </properties>
  <testcase name="testValidKey{String}[1]" classname="kamil.szymoniak.test.ControllerTest" time="0"/>
  <testcase name="testValidKey{String}[2]" classname="kamil.szymoniak.test.ControllerTest" time="0"/>
  <testcase name="testValidKey{String}[3]" classname="kamil.szymoniak.test.ControllerTest" time="0"/>
  <testcase name="testValidKey{String}[4]" classname="kamil.szymoniak.test.ControllerTest" time="0"/>
  <testcase name="testValidKey{String}[5]" classname="kamil.szymoniak.test.ControllerTest" time="0"/>
  <testcase name="testValidKey{String}[6]" classname="kamil.szymoniak.test.ControllerTest" time="0"/>
  <testcase name="testValidMode{String}[1]" classname="kamil.szymoniak.test.ControllerTest" time="0"/>
  <testcase name="testValidMode{String}[2]" classname="kamil.szymoniak.test.ControllerTest" time="0"/>
  <testcase name="testValidMode{String}[3]" classname="kamil.szymoniak.test.ControllerTest" time="0"/>
  <testcase name="testValidMode{String}[4]" classname="kamil.szymoniak.test.ControllerTest" time="0"/>
  <testcase name="testInvalidModes{String}[1]" classname="kamil.szymoniak.test.ControllerTest" time="0.001"/>
  <testcase name="testInvalidModes{String}[2]" classname="kamil.szymoniak.test.ControllerTest" time="0.001"/>
  <testcase name="testInvalidModes{String}[3]" classname="kamil.szymoniak.test.ControllerTest" time="0"/>
  <testcase name="testInvalidModes{String}[4]" classname="kamil.szymoniak.test.ControllerTest" time="0"/>
  <testcase name="testInvalidKey{String}[1]" classname="kamil.szymoniak.test.ControllerTest" time="0"/>
  <testcase name="testInvalidKey{String}[2]" classname="kamil.szymoniak.test.ControllerTest" time="0.001"/>
  <testcase name="testInvalidKey{String}[3]" classname="kamil.szymoniak.test.ControllerTest" time="0"/>
  <testcase name="testInvalidKey{String}[4]" classname="kamil.szymoniak.test.ControllerTest" time="0"/>
  <testcase name="testInvalidKey{String}[5]" classname="kamil.szymoniak.test.ControllerTest" time="0"/>
  <testcase name="testInvalidKey{String}[6]" classname="kamil.szymoniak.test.ControllerTest" time="0.001"/>
  <testcase name="testInvalidKey{String}[7]" classname="kamil.szymoniak.test.ControllerTest" time="0.001"/>
</testsuite>